<?xml version="1.0" encoding="UTF-8"?>
<robot generator="Robot 5.0.1 (Python 3.10.2 on win32)" generated="20220810 20:19:42.646" rpa="false" schemaversion="3">
<suite id="s1" name="Tads Testes" source="C:\Users\robson.mariano\Downloads\UFPR\ENG SOF 2\robot\tads_testes.robot">
<test id="s1-t1" name="CASO DE TESTE 1: Verificar página de Estágio" line="13">
<kw name="Abrir o navegador" library="tads_resources" type="SETUP">
<kw name="Open Browser" library="SeleniumLibrary">
<arg>browser=${BROWSER}</arg>
<doc>Opens a new browser instance to the optional ``url``.</doc>
<msg timestamp="20220810 20:19:43.049" level="INFO">Opening browser 'chrome' to base url 'None'.</msg>
<status status="PASS" starttime="20220810 20:19:43.047" endtime="20220810 20:19:45.036"/>
</kw>
<kw name="Maximize Browser Window" library="SeleniumLibrary">
<doc>Maximizes current browser window.</doc>
<status status="PASS" starttime="20220810 20:19:45.036" endtime="20220810 20:19:45.437"/>
</kw>
<status status="PASS" starttime="20220810 20:19:43.047" endtime="20220810 20:19:45.437"/>
</kw>
<kw name="Acessar o site do TADS &quot;${URL}&quot;" library="tads_resources" sourcename="Acessar o site do TADS &quot;${URL}&quot;">
<kw name="Go To" library="SeleniumLibrary">
<arg>${URL}</arg>
<doc>Navigates the current browser window to the provided ``url``.</doc>
<msg timestamp="20220810 20:19:45.438" level="INFO">Opening url 'https://www.tads.ufpr.br/'</msg>
<status status="PASS" starttime="20220810 20:19:45.438" endtime="20220810 20:19:52.833"/>
</kw>
<kw name="Wait Until Element Is Visible" library="SeleniumLibrary">
<arg>locator=${TITULO_PAGINA}</arg>
<doc>Waits until the element ``locator`` is visible.</doc>
<status status="PASS" starttime="20220810 20:19:52.833" endtime="20220810 20:19:52.874"/>
</kw>
<status status="PASS" starttime="20220810 20:19:45.438" endtime="20220810 20:19:52.874"/>
</kw>
<kw name="Clicar no menu &quot;${NOME_MENU}&quot;" library="tads_resources" sourcename="Clicar no menu &quot;${NOME_MENU}&quot;">
<kw name="Click Element" library="SeleniumLibrary">
<arg>locator=${MENU_COE}</arg>
<doc>Click the element identified by ``locator``.</doc>
<msg timestamp="20220810 20:19:52.876" level="INFO">Clicking element '//a[@role='menuitem'][contains(.,'COE (Estágio)')]'.</msg>
<status status="PASS" starttime="20220810 20:19:52.875" endtime="20220810 20:19:53.913"/>
</kw>
<status status="PASS" starttime="20220810 20:19:52.875" endtime="20220810 20:19:53.914"/>
</kw>
<kw name="Verificar se aparece na página &quot;Membros do COE&quot;" library="tads_resources">
<kw name="Wait Until Element Is Visible" library="SeleniumLibrary">
<arg>locator=${MEMBROS_COE}</arg>
<doc>Waits until the element ``locator`` is visible.</doc>
<status status="PASS" starttime="20220810 20:19:53.915" endtime="20220810 20:19:53.945"/>
</kw>
<status status="PASS" starttime="20220810 20:19:53.915" endtime="20220810 20:19:53.945"/>
</kw>
<kw name="Fechar o navegador" library="tads_resources" type="TEARDOWN">
<kw name="Close Browser" library="SeleniumLibrary">
<doc>Closes the current browser.</doc>
<status status="PASS" starttime="20220810 20:19:53.946" endtime="20220810 20:19:57.107"/>
</kw>
<status status="PASS" starttime="20220810 20:19:53.946" endtime="20220810 20:19:57.108"/>
</kw>
<doc>Acessa o menu de Estágios do site do TADS</doc>
<tag>estagio</tag>
<status status="PASS" starttime="20220810 20:19:43.046" endtime="20220810 20:19:57.109"/>
</test>
<doc>Esta suíte de testes verifica o site do TADS</doc>
<status status="PASS" starttime="20220810 20:19:42.649" endtime="20220810 20:19:57.112"/>
</suite>
<statistics>
<total>
<stat pass="1" fail="0" skip="0">All Tests</stat>
</total>
<tag>
<stat pass="1" fail="0" skip="0">estagio</stat>
</tag>
<suite>
<stat pass="1" fail="0" skip="0" id="s1" name="Tads Testes">Tads Testes</stat>
</suite>
</statistics>
<errors>
</errors>
</robot>
